Build started 12/18/2015 12:32:53 AM.
Project "\\psf\Home\Desktop\ThisIsFor_GIT\Algorithm\Sudoku\Algorithm.vcxproj" on node 2 (build target(s)).
InitializeBuildStatus:
  Creating "Debug\Sudoku.unsuccessfulbuild" because "AlwaysCreate" was specified.
ClCompile:
  C:\Program Files (x86)\Microsoft Visual Studio 10.0\VC\bin\CL.exe /c /ZI /nologo /W3 /WX- /Od /Oy- /D WIN32 /D _DEBUG /D _CONSOLE /D _UNICODE /D UNICODE /Gm /EHsc /RTC1 /MDd /GS /fp:precise /Zc:wchar_t /Zc:forScope /Fo"Debug\\" /Fd"Debug\vc100.pdb" /Gd /TP /analyze- /errorReport:prompt bruteforce.cpp main.cpp sudoku.cpp
  sudoku.cpp
  main.cpp
  bruteforce.cpp
  코드를 생성하고 있습니다...
ManifestResourceCompile:
  C:\Program Files (x86)\Microsoft SDKs\Windows\v7.0A\bin\rc.exe /nologo /fo"Debug\Sudoku.exe.embed.manifest.res" Debug\Sudoku_manifest.rc 
Link:
  C:\Program Files (x86)\Microsoft Visual Studio 10.0\VC\bin\link.exe /ERRORREPORT:PROMPT /OUT:"\\psf\Home\Desktop\ThisIsFor_GIT\Algorithm\Sudoku\Debug\Sudoku.exe" /INCREMENTAL /NOLOGO kernel32.lib user32.lib gdi32.lib winspool.lib comdlg32.lib advapi32.lib shell32.lib ole32.lib oleaut32.lib uuid.lib odbc32.lib odbccp32.lib /MANIFEST /ManifestFile:"Debug\Sudoku.exe.intermediate.manifest" /MANIFESTUAC:"level='asInvoker' uiAccess='false'" /DEBUG /PDB:"\\psf\Home\Desktop\ThisIsFor_GIT\Algorithm\Sudoku\Debug\Sudoku.pdb" /SUBSYSTEM:CONSOLE /TLBID:1 /DYNAMICBASE /NXCOMPAT /IMPLIB:"\\psf\Home\Desktop\ThisIsFor_GIT\Algorithm\Sudoku\Debug\Sudoku.lib" /MACHINE:X86 Debug\Sudoku.exe.embed.manifest.res
  Debug\bruteforce.obj
  Debug\main.obj
  Debug\sudoku.obj
Manifest:
  C:\Program Files (x86)\Microsoft SDKs\Windows\v7.0A\bin\mt.exe /nologo /verbose /out:"Debug\Sudoku.exe.embed.manifest" /manifest Debug\Sudoku.exe.intermediate.manifest
  C:\Program Files (x86)\Microsoft SDKs\Windows\v7.0A\bin\rc.exe /nologo /fo"Debug\Sudoku.exe.embed.manifest.res" Debug\Sudoku_manifest.rc 
LinkEmbedManifest:
  C:\Program Files (x86)\Microsoft Visual Studio 10.0\VC\bin\link.exe /ERRORREPORT:PROMPT /OUT:"\\psf\Home\Desktop\ThisIsFor_GIT\Algorithm\Sudoku\Debug\Sudoku.exe" /INCREMENTAL /NOLOGO kernel32.lib user32.lib gdi32.lib winspool.lib comdlg32.lib advapi32.lib shell32.lib ole32.lib oleaut32.lib uuid.lib odbc32.lib odbccp32.lib /MANIFEST /ManifestFile:"Debug\Sudoku.exe.intermediate.manifest" /MANIFESTUAC:"level='asInvoker' uiAccess='false'" /DEBUG /PDB:"\\psf\Home\Desktop\ThisIsFor_GIT\Algorithm\Sudoku\Debug\Sudoku.pdb" /SUBSYSTEM:CONSOLE /TLBID:1 /DYNAMICBASE /NXCOMPAT /IMPLIB:"\\psf\Home\Desktop\ThisIsFor_GIT\Algorithm\Sudoku\Debug\Sudoku.lib" /MACHINE:X86 Debug\Sudoku.exe.embed.manifest.res
  Debug\bruteforce.obj
  Debug\main.obj
  Debug\sudoku.obj
  Algorithm.vcxproj -> \\psf\Home\Desktop\ThisIsFor_GIT\Algorithm\Sudoku\Debug\Sudoku.exe
FinalizeBuildStatus:
  Deleting file "Debug\Sudoku.unsuccessfulbuild".
  Touching "Debug\Sudoku.lastbuildstate".
Done Building Project "\\psf\Home\Desktop\ThisIsFor_GIT\Algorithm\Sudoku\Algorithm.vcxproj" (build target(s)).

빌드했습니다.

Time Elapsed 00:00:12.09
